<?xml version="1.0" encoding="UTF-8"?>
<!-- Generated by org.testng.reporters.JUnitXMLReporter -->
<testsuite hostname="AMOL-PC" name="ChromeTest" tests="9" failures="0" timestamp="21 Oct 2018 17:11:00 GMT" time="60.891" errors="0">
  <testcase name="verifyShopByDepartment" time="0.296" classname="com.amazon.testscript.VerifyKindleOrderPageTest"/>
  <testcase name="verifyKindle" time="0.153" classname="com.amazon.testscript.VerifyKindleOrderPageTest"/>
  <testcase name="verifyKindlePaperWhite" time="11.52" classname="com.amazon.testscript.VerifyKindleOrderPageTest"/>
  <testcase name="verifyQuantityDropdown" time="2.084" classname="com.amazon.testscript.VerifyKindleOrderPageTest"/>
  <testcase name="verifyQuantitySelection" time="0.3" classname="com.amazon.testscript.VerifyKindleOrderPageTest"/>
  <testcase name="verifyAddToCartBtn" time="0.541" classname="com.amazon.testscript.VerifyKindleOrderPageTest"/>
  <testcase name="verifyNoExtraItem" time="6.988" classname="com.amazon.testscript.VerifyKindleOrderPageTest"/>
  <testcase name="verifyCheckout" time="4.535" classname="com.amazon.testscript.VerifyKindleOrderPageTest"/>
  <testcase name="verifySignIn" time="0.127" classname="com.amazon.testscript.VerifyKindleOrderPageTest"/>
</testsuite> <!-- ChromeTest -->
