<?xml version="1.0" encoding="UTF-8" ?>
<testsuite tests="29" failures="1" name="TestSuite" time="37.399" errors="0" skipped="19">
  <properties>
[...]
</properties>
  <testcase classname="com.amazon.testscript.VerifyKindleOrderPageTest" name="setupDriver" time="5.42">
    <failure message="Build info: version: &apos;2.45.0&apos;, revision: &apos;5017cb8e7ca8e37638dc3091b2440b90a1d8686f&apos;, time: &apos;2015-02-27 09:10:26&apos;
System info: host: &apos;AMOL-PC&apos;, ip: &apos;192.168.43.95&apos;, os.name: &apos;Windows 7&apos;, os.arch: &apos;x86&apos;, os.version: &apos;6.1&apos;, java.version: &apos;1.8.0_144&apos;
Driver info: org.openqa.selenium.ie.InternetExplorerDriver
Capabilities [{capabilities={proxy={}, acceptInsecureCerts=false, browserVersion=8, se:ieOptions={nativeEvents=true, browserAttachTimeout=0, ie.ensureCleanSession=false, elementScrollBehavior=0, enablePersistentHover=true, ie.browserCommandLineSwitches=, ie.forceCreateProcessApi=false, requireWindowFocus=false, initialBrowserUrl=http://localhost:34676/, ignoreZoomSetting=false, ie.fileUploadDialogTimeout=3000, ignoreProtectedModeSettings=false}, timeouts={implicit=0, pageLoad=300000, script=30000}, browserName=internet explorer, pageLoadStrategy=normal, unhandledPromptBehavior=dismiss, platformName=windows, setWindowRect=true}, sessionId=d9c2cdd7-8b50-44a9-ac69-df27ec4a67c1, platform=ANY}]
Session ID: null" type="org.openqa.selenium.UnsupportedCommandException">org.openqa.selenium.UnsupportedCommandException: Build info: version: &apos;2.45.0&apos;, revision: &apos;5017cb8e7ca8e37638dc3091b2440b90a1d8686f&apos;, time: &apos;2015-02-27 09:10:26&apos;
System info: host: &apos;AMOL-PC&apos;, ip: &apos;192.168.43.95&apos;, os.name: &apos;Windows 7&apos;, os.arch: &apos;x86&apos;, os.version: &apos;6.1&apos;, java.version: &apos;1.8.0_144&apos;
Driver info: org.openqa.selenium.ie.InternetExplorerDriver
Capabilities [{capabilities={proxy={}, acceptInsecureCerts=false, browserVersion=8, se:ieOptions={nativeEvents=true, browserAttachTimeout=0, ie.ensureCleanSession=false, elementScrollBehavior=0, enablePersistentHover=true, ie.browserCommandLineSwitches=, ie.forceCreateProcessApi=false, requireWindowFocus=false, initialBrowserUrl=http://localhost:34676/, ignoreZoomSetting=false, ie.fileUploadDialogTimeout=3000, ignoreProtectedModeSettings=false}, timeouts={implicit=0, pageLoad=300000, script=30000}, browserName=internet explorer, pageLoadStrategy=normal, unhandledPromptBehavior=dismiss, platformName=windows, setWindowRect=true}, sessionId=d9c2cdd7-8b50-44a9-ac69-df27ec4a67c1, platform=ANY}]
Session ID: null
	at sun.reflect.NativeConstructorAccessorImpl.newInstance0(Native Method)
	at sun.reflect.NativeConstructorAccessorImpl.newInstance(NativeConstructorAccessorImpl.java:62)
	at sun.reflect.DelegatingConstructorAccessorImpl.newInstance(DelegatingConstructorAccessorImpl.java:45)
	at java.lang.reflect.Constructor.newInstance(Constructor.java:423)
	at org.openqa.selenium.remote.ErrorHandler.createThrowable(ErrorHandler.java:204)
	at org.openqa.selenium.remote.ErrorHandler.throwIfResponseFailed(ErrorHandler.java:156)
	at org.openqa.selenium.remote.RemoteWebDriver.execute(RemoteWebDriver.java:599)
	at org.openqa.selenium.remote.RemoteWebDriver$RemoteWebDriverOptions$RemoteWindow.maximize(RemoteWebDriver.java:837)
	at com.amazon.test.ScriptFactory.setupDriver(ScriptFactory.java:89)
	at sun.reflect.NativeMethodAccessorImpl.invoke0(Native Method)
	at sun.reflect.NativeMethodAccessorImpl.invoke(NativeMethodAccessorImpl.java:62)
	at sun.reflect.DelegatingMethodAccessorImpl.invoke(DelegatingMethodAccessorImpl.java:43)
	at java.lang.reflect.Method.invoke(Method.java:498)
	at org.testng.internal.MethodInvocationHelper.invokeMethod(MethodInvocationHelper.java:86)
	at org.testng.internal.Invoker.invokeConfigurationMethod(Invoker.java:514)
	at org.testng.internal.Invoker.invokeConfigurations(Invoker.java:215)
	at org.testng.internal.Invoker.invokeConfigurations(Invoker.java:142)
	at org.testng.internal.TestMethodWorker.invokeBeforeClassMethods(TestMethodWorker.java:178)
	at org.testng.internal.TestMethodWorker.run(TestMethodWorker.java:108)
	at org.testng.TestRunner.privateRun(TestRunner.java:782)
	at org.testng.TestRunner.run(TestRunner.java:632)
	at org.testng.SuiteRunner.runTest(SuiteRunner.java:366)
	at org.testng.SuiteRunner.access$000(SuiteRunner.java:39)
	at org.testng.SuiteRunner$SuiteWorker.run(SuiteRunner.java:400)
	at org.testng.internal.thread.ThreadUtil$2.call(ThreadUtil.java:64)
	at java.util.concurrent.FutureTask.run(FutureTask.java:266)
	at java.util.concurrent.ThreadPoolExecutor.runWorker(ThreadPoolExecutor.java:1149)
	at java.util.concurrent.ThreadPoolExecutor$Worker.run(ThreadPoolExecutor.java:624)
	at java.lang.Thread.run(Thread.java:748)
</failure>
    <system-err>Starting ChromeDriver 2.43.600210 (68dcf5eebde37173d4027fa8635e332711d2874a) on port 47042
Only local connections are allowed.
Started InternetExplorerDriver server (32-bit)
3.14.0.0
Listening on port 34676
Only local connections are allowed
</system-err>
  </testcase>
  <testcase classname="com.amazon.testscript.VerifyKindleOrderPageTest" name="beforeMethod" time="5.431">
    <skipped/>
  </testcase>
  <testcase classname="com.amazon.testscript.VerifyKindleOrderPageTest" name="verifyShopByDepartment" time="0">
    <skipped/>
  </testcase>
  <testcase classname="com.amazon.testscript.VerifyKindleOrderPageTest" name="beforeMethod" time="0">
    <skipped/>
  </testcase>
  <testcase classname="com.amazon.testscript.VerifyKindleOrderPageTest" name="verifyKindle" time="0">
    <skipped/>
  </testcase>
  <testcase classname="com.amazon.testscript.VerifyKindleOrderPageTest" name="beforeMethod" time="0">
    <skipped/>
  </testcase>
  <testcase classname="com.amazon.testscript.VerifyKindleOrderPageTest" name="verifyKindlePaperWhite" time="0">
    <skipped/>
  </testcase>
  <testcase classname="com.amazon.testscript.VerifyKindleOrderPageTest" name="beforeMethod" time="0">
    <skipped/>
  </testcase>
  <testcase classname="com.amazon.testscript.VerifyKindleOrderPageTest" name="verifyQuantityDropdown" time="0">
    <skipped/>
  </testcase>
  <testcase classname="com.amazon.testscript.VerifyKindleOrderPageTest" name="beforeMethod" time="0.001">
    <skipped/>
  </testcase>
  <testcase classname="com.amazon.testscript.VerifyKindleOrderPageTest" name="verifyQuantitySelection" time="0">
    <skipped/>
  </testcase>
  <testcase classname="com.amazon.testscript.VerifyKindleOrderPageTest" name="beforeMethod" time="0.001">
    <skipped/>
  </testcase>
  <testcase classname="com.amazon.testscript.VerifyKindleOrderPageTest" name="verifyAddToCartBtn" time="0">
    <skipped/>
  </testcase>
  <testcase classname="com.amazon.testscript.VerifyKindleOrderPageTest" name="beforeMethod" time="0">
    <skipped/>
  </testcase>
  <testcase classname="com.amazon.testscript.VerifyKindleOrderPageTest" name="verifyNoExtraItem" time="0.001">
    <skipped/>
  </testcase>
  <testcase classname="com.amazon.testscript.VerifyKindleOrderPageTest" name="beforeMethod" time="0.001">
    <skipped/>
  </testcase>
  <testcase classname="com.amazon.testscript.VerifyKindleOrderPageTest" name="verifyCheckout" time="0.001">
    <skipped/>
  </testcase>
  <testcase classname="com.amazon.testscript.VerifyKindleOrderPageTest" name="beforeMethod" time="0.001">
    <skipped/>
  </testcase>
  <testcase classname="com.amazon.testscript.VerifyKindleOrderPageTest" name="verifySignIn" time="0">
    <skipped/>
  </testcase>
  <testcase classname="com.amazon.testscript.VerifyKindleOrderPageTest" name="closeDriver" time="0">
    <skipped/>
  </testcase>
  <testcase classname="com.amazon.testscript.VerifyKindleOrderPageTest" name="verifyShopByDepartment" time="0.302"/>
  <testcase classname="com.amazon.testscript.VerifyKindleOrderPageTest" name="verifyKindle" time="0.149"/>
  <testcase classname="com.amazon.testscript.VerifyKindleOrderPageTest" name="verifyKindlePaperWhite" time="11.512"/>
  <testcase classname="com.amazon.testscript.VerifyKindleOrderPageTest" name="verifyQuantityDropdown" time="2.082"/>
  <testcase classname="com.amazon.testscript.VerifyKindleOrderPageTest" name="verifyQuantitySelection" time="0.304"/>
  <testcase classname="com.amazon.testscript.VerifyKindleOrderPageTest" name="verifyAddToCartBtn" time="0.54"/>
  <testcase classname="com.amazon.testscript.VerifyKindleOrderPageTest" name="verifyNoExtraItem" time="6.992"/>
  <testcase classname="com.amazon.testscript.VerifyKindleOrderPageTest" name="verifyCheckout" time="4.536"/>
  <testcase classname="com.amazon.testscript.VerifyKindleOrderPageTest" name="verifySignIn" time="0.125"/>
</testsuite>